gallery/R/25Winter/Andrew Proj/report.qmd,2025-12-18 13:56:06
gallery/R/25Winter/Claudine & Emman/QLD_fuel.qmd,2025-12-18 13:56:06
gallery/R/25Winter/example_project/example_project.qmd,2025-12-18 13:56:06
gallery/R/25Winter/Ben's Project/report_ben.qmd,2025-12-18 13:56:06
gallery/R/25Winter/Adriel Project/Report-Test.qmd,2025-12-18 13:56:06
gallery/R/25Winter/Liz's Project/Report.qmd,2025-12-18 13:56:06
gallery/R/25Winter/cathys project/report.qmd,2025-12-18 13:56:06
gallery/R/25Summer/Dawn/project_dashboard.qmd,2025-12-18 13:56:06
gallery/R/25Summer/Adelia/COFFEE.qmd,2025-12-18 13:56:06
gallery/R/25Summer/Birdstrike/Birdstrikes.qmd,2025-12-18 13:56:06
gallery/R/25Summer/Caira/Coffee.qmd,2025-12-18 13:56:06
gallery/R/25Summer/Warren/DashbdProjW.qmd,2025-12-18 13:56:06
gallery/R/25Summer/Karunarathna/dashboard.qmd,2025-12-18 13:56:06
gallery/R/25Summer/BCD/Goodreads_books.qmd,2025-12-18 13:56:06
gallery/R/26Summer/example_project/example_project.qmd,2025-12-18 13:56:06
gallery/Python/25Winter/Coffee Survey/MyReport.qmd,2025-12-18 13:56:06
gallery/Python/25Winter/Coffee Preferences/ProjectCoffee.qmd,2025-12-18 13:56:06
gallery/Python/25Winter/Another coffee survey/Pawatsada.qmd,2025-12-18 13:56:06
gallery/Python/25Winter/Group2/group_project.qmd,2025-12-18 13:56:06
gallery/Python/25Winter/example_project/example_project.qmd,2025-12-18 13:56:06
gallery/Python/25Winter/Australia and Cambodia Populations/project_report.qmd,2025-12-18 13:56:06
gallery/Python/25Winter/Mst Noorunnahar/project_nahar.qmd,2025-12-18 13:56:06
gallery/Python/25Winter/Coffee Horror/coffee.qmd,2025-12-18 13:56:06
gallery/Python/25Winter/Prince/gapminder2025.qmd,2025-12-18 13:56:06
gallery/Python/25Winter/Sisay/report.qmd,2025-12-18 13:56:06
gallery/Python/25Summer/Lydeth/Goodread.qmd,2025-12-18 13:56:06
gallery/Python/25Summer/Koyo & Liz/Plane.qmd,2025-12-18 13:56:06
gallery/Python/25Summer/Koyo & Liz/project.qmd,2025-12-18 13:56:06
gallery/Python/25Summer/Edison/fuel_project.qmd,2025-12-18 13:56:06
gallery/Python/25Summer/Edison/fuel_db.qmd,2025-12-18 13:56:06
gallery/Python/25Summer/example_project/example_project.qmd,2025-12-18 13:56:06
gallery/Python/25Summer/Adelia & Lauren/Fuel.qmd,2025-12-18 13:56:06
gallery/Python/25Summer/Emma/Goodread.qmd,2025-12-18 13:56:06
gallery/Python/25Summer/Python-project-Nish/dashboard.qmd,2025-12-18 13:56:06
gallery/Python/25Summer/Caira/dashboardbooks.qmd,2025-12-18 13:56:06
gallery/Python/25Summer/Najiha/dashboardbooks.qmd,2025-12-18 13:56:06
gallery/Python/26Summer/example_project/example_project.qmd,2025-12-18 13:56:06
gallery/R/25Winter/Chris/Population_-_Presentation_for_R_Training.qmd,2025-12-24 11:16:12
gallery/R/25Winter/Claudine & Emman/Fuel_sites.qmd,2025-12-24 11:16:12
gallery/R/25Winter/Sandya & Buddhika/melb_property.qmd,2025-12-24 11:16:12
gallery/R/25Winter/Casey & Jess Project/Project_Hospital_Report.qmd,2025-12-24 11:16:12
gallery/R/25Winter/Aisha Aslam/R_Intensive_Report.qmd,2025-12-24 11:16:12
gallery/R/25Winter/Nora's Project/Nora_project.qmd,2025-12-24 11:16:12
gallery/R/25Winter/Swagata & Sandhya's Project/Queensland_hospital_dataanalysis.qmd,2025-12-24 11:16:12
gallery/R/25Summer/Mehershad/Football_Birth_Month.qmd,2025-12-24 11:16:12
gallery/R/25Summer/Toasted/Bird_Strike_Dashboard.qmd,2025-12-24 11:16:12
gallery/R/25Summer/Krystie/dashy_presentation.qmd,2025-12-24 12:21:28